#
# There is insufficient memory for the Java Runtime Environment to continue.
# Native memory allocation (mmap) failed to map 264241152 bytes for G1 virtual space
# Possible reasons:
#   The system is out of physical RAM or swap space
#   The process is running with CompressedOops enabled, and the Java Heap may be blocking the growth of the native heap
# Possible solutions:
#   Reduce memory load on the system
#   Increase physical memory or swap space
#   Check if swap backing store is full
#   Decrease Java heap size (-Xmx/-Xms)
#   Decrease number of Java threads
#   Decrease Java thread stack sizes (-Xss)
#   Set larger code cache with -XX:ReservedCodeCacheSize=
#   JVM is running with Zero Based Compressed Oops mode in which the Java heap is
#     placed in the first 32GB address space. The Java Heap base address is the
#     maximum limit for the native heap growth. Please use -XX:HeapBaseMinAddress
#     to set the Java Heap base and to place the Java Heap above 32GB virtual address.
# This output file may be truncated or incomplete.
#
#  Out of Memory Error (os_windows.cpp:3532), pid=5296, tid=14144
#
# JRE version:  (17.0.2+8) (build )
# Java VM: Java HotSpot(TM) 64-Bit Server VM (17.0.2+8-LTS-86, mixed mode, sharing, tiered, compressed oops, compressed class ptrs, g1 gc, windows-amd64)
# No core dump will be written. Minidumps are not enabled by default on client versions of Windows
#

---------------  S U M M A R Y ------------

Command Line: -Dfile.encoding=Cp1252 --module-path=C:\Program Files (x86)\MySQL\Connector J 8.0\mysql-connector-java-8.0.29.jar -XX:+ShowCodeDetailsInExceptionMessages CargoCenter.Addresses

Host: Intel(R) Core(TM) i7-7500U CPU @ 2.70GHz, 4 cores, 15G,  Windows 10 , 64 bit Build 19041 (10.0.19041.1706)
Time: Mon Jun  6 20:15:22 2022 Turkey Standard Time elapsed time: 0.019161 seconds (0d 0h 0m 0s)

---------------  T H R E A D  ---------------

Current thread (0x000001cfd4dbde40):  JavaThread "Unknown thread" [_thread_in_vm, id=14144, stack(0x000000c674700000,0x000000c674800000)]

Stack: [0x000000c674700000,0x000000c674800000]
Native frames: (J=compiled Java code, j=interpreted, Vv=VM code, C=native code)
V  [jvm.dll+0x670baa]
V  [jvm.dll+0x7cfcb4]
V  [jvm.dll+0x7d145e]
V  [jvm.dll+0x7d1ac3]
V  [jvm.dll+0x242bc5]
V  [jvm.dll+0x66dac9]
V  [jvm.dll+0x662412]
V  [jvm.dll+0x300c0b]
V  [jvm.dll+0x3081a6]
V  [jvm.dll+0x357d0e]
V  [jvm.dll+0x357f3f]
V  [jvm.dll+0x2d7ec8]
V  [jvm.dll+0x2d8e34]
V  [jvm.dll+0x7a18c1]
V  [jvm.dll+0x365a91]
V  [jvm.dll+0x780d2c]
V  [jvm.dll+0x3e845f]
V  [jvm.dll+0x3e9f01]
C  [jli.dll+0x527b]
C  [ucrtbase.dll+0x21bb2]
C  [KERNEL32.DLL+0x17034]
C  [ntdll.dll+0x52651]


---------------  P R O C E S S  ---------------

Threads class SMR info:
_java_thread_list=0x00007ffa21609858, length=0, elements={
}

Java Threads: ( => current thread )

Other Threads:
  0x000001cfd4e0c170 GCTaskThread "GC Thread#0" [stack: 0x000000c674800000,0x000000c674900000] [id=9076]
  0x000001cfd4e1dc90 ConcurrentGCThread "G1 Main Marker" [stack: 0x000000c674900000,0x000000c674a00000] [id=22580]
  0x000001cfd4e1ff90 ConcurrentGCThread "G1 Conc#0" [stack: 0x000000c674a00000,0x000000c674b00000] [id=6552]

[error occurred during error reporting (printing all threads), id 0xc0000005, EXCEPTION_ACCESS_VIOLATION (0xc0000005) at pc=0x00007ffa20e588a7]

VM state: not at safepoint (not fully initialized)

VM Mutex/Monitor currently owned by a thread:  ([mutex/lock_event])
[0x000001cfd4dbb3f0] Heap_lock - owner thread: 0x000001cfd4dbde40

Heap address: 0x0000000704200000, size: 4030 MB, Compressed Oops mode: Zero based, Oop shift amount: 3

CDS archive(s) mapped at: [0x0000000000000000-0x0000000000000000-0x0000000000000000), size 0, SharedBaseAddress: 0x0000000800000000, ArchiveRelocationMode: 0.
Narrow klass base: 0x0000000000000000, Narrow klass shift: 0, Narrow klass range: 0x0

GC Precious Log:
<Empty>

Heap:
 garbage-first heap   total 0K, used 0K [0x0000000704200000, 0x0000000800000000)
  region size 2048K, 0 young (0K), 0 survivors (0K)

[error occurred during error reporting (printing heap information), id 0xc0000005, EXCEPTION_ACCESS_VIOLATION (0xc0000005) at pc=0x00007ffa21239f19]

GC Heap History (0 events):
No events

Deoptimization events (0 events):
No events

Classes unloaded (0 events):
No events

Classes redefined (0 events):
No events

Internal exceptions (0 events):
No events

VM Operations (0 events):
No events

Events (1 events):
Event: 0.011 Loaded shared library C:\Program Files\Java\jdk-17.0.2\bin\java.dll


Dynamic libraries:
0x00007ff641c60000 - 0x00007ff641c70000 	C:\Program Files\Java\jdk-17.0.2\bin\javaw.exe
0x00007ffa96370000 - 0x00007ffa96565000 	C:\WINDOWS\SYSTEM32\ntdll.dll
0x00007ffa95830000 - 0x00007ffa958ed000 	C:\WINDOWS\System32\KERNEL32.DLL
0x00007ffa93b40000 - 0x00007ffa93e0d000 	C:\WINDOWS\System32\KERNELBASE.dll
0x00007ffa94290000 - 0x00007ffa94390000 	C:\WINDOWS\System32\ucrtbase.dll
0x00007ffa8d2f0000 - 0x00007ffa8d308000 	C:\Program Files\Java\jdk-17.0.2\bin\jli.dll
0x00007ffa94900000 - 0x00007ffa949ae000 	C:\WINDOWS\System32\ADVAPI32.dll
0x00007ffa94f30000 - 0x00007ffa94fce000 	C:\WINDOWS\System32\msvcrt.dll
0x00007ffa95610000 - 0x00007ffa956ac000 	C:\WINDOWS\System32\sechost.dll
0x00007ffa94c50000 - 0x00007ffa94d75000 	C:\WINDOWS\System32\RPCRT4.dll
0x00007ffa95460000 - 0x00007ffa95600000 	C:\WINDOWS\System32\USER32.dll
0x00007ffa94150000 - 0x00007ffa94172000 	C:\WINDOWS\System32\win32u.dll
0x00007ffa95960000 - 0x00007ffa9598a000 	C:\WINDOWS\System32\GDI32.dll
0x00007ffa94180000 - 0x00007ffa9428b000 	C:\WINDOWS\System32\gdi32full.dll
0x00007ffa940b0000 - 0x00007ffa9414d000 	C:\WINDOWS\System32\msvcp_win.dll
0x00007ffa7d150000 - 0x00007ffa7d3ea000 	C:\WINDOWS\WinSxS\amd64_microsoft.windows.common-controls_6595b64144ccf1df_6.0.19041.1110_none_60b5254171f9507e\COMCTL32.dll
0x00007ffa89720000 - 0x00007ffa8972a000 	C:\WINDOWS\SYSTEM32\VERSION.dll
0x00007ffa8d3b0000 - 0x00007ffa8d3ca000 	C:\Program Files\Java\jdk-17.0.2\bin\VCRUNTIME140.dll
0x00007ffa95990000 - 0x00007ffa959c0000 	C:\WINDOWS\System32\IMM32.DLL
0x00007ffa8eb60000 - 0x00007ffa8eb6c000 	C:\Program Files\Java\jdk-17.0.2\bin\vcruntime140_1.dll
0x00007ffa3c150000 - 0x00007ffa3c1dd000 	C:\Program Files\Java\jdk-17.0.2\bin\msvcp140.dll
0x00007ffa20b70000 - 0x00007ffa21731000 	C:\Program Files\Java\jdk-17.0.2\bin\server\jvm.dll
0x00007ffa957a0000 - 0x00007ffa957a8000 	C:\WINDOWS\System32\PSAPI.DLL
0x00007ffa5eea0000 - 0x00007ffa5eea9000 	C:\WINDOWS\SYSTEM32\WSOCK32.dll
0x00007ffa958f0000 - 0x00007ffa9595b000 	C:\WINDOWS\System32\WS2_32.dll
0x00007ffa7d3f0000 - 0x00007ffa7d417000 	C:\WINDOWS\SYSTEM32\WINMM.dll
0x00007ffa91b60000 - 0x00007ffa91b72000 	C:\WINDOWS\SYSTEM32\kernel.appcore.dll
0x00007ffa8db20000 - 0x00007ffa8db2a000 	C:\Program Files\Java\jdk-17.0.2\bin\jimage.dll
0x00007ffa90eb0000 - 0x00007ffa91094000 	C:\WINDOWS\SYSTEM32\DBGHELP.DLL
0x00007ffa77310000 - 0x00007ffa7733c000 	C:\WINDOWS\SYSTEM32\dbgcore.DLL
0x00007ffa93e10000 - 0x00007ffa93e92000 	C:\WINDOWS\System32\bcryptPrimitives.dll
0x00007ffa82ab0000 - 0x00007ffa82ad5000 	C:\Program Files\Java\jdk-17.0.2\bin\java.dll

dbghelp: loaded successfully - version: 4.0.5 - missing functions: none
symbol engine: initialized successfully - sym options: 0x614 - pdb path: .;C:\Program Files\Java\jdk-17.0.2\bin;C:\WINDOWS\SYSTEM32;C:\WINDOWS\WinSxS\amd64_microsoft.windows.common-controls_6595b64144ccf1df_6.0.19041.1110_none_60b5254171f9507e;C:\Program Files\Java\jdk-17.0.2\bin\server

VM Arguments:
jvm_args: -Dfile.encoding=Cp1252 --module-path=C:\Program Files (x86)\MySQL\Connector J 8.0\mysql-connector-java-8.0.29.jar -XX:+ShowCodeDetailsInExceptionMessages 
java_command: CargoCenter.Addresses
java_class_path (initial): C:\Users\Abdullah\eclipse-workspace\testing\GorselProject\bin;C:\Users\Abdullah\eclipse-workspace\testing\GorselProject\jgoodies-forms-1.8.0.jar;C:\Users\Abdullah\eclipse-workspace\testing\GorselProject\miglayout15-swing.jar
Launcher Type: SUN_STANDARD

[Global flags]
     intx CICompilerCount                          = 3                                         {product} {ergonomic}
     uint ConcGCThreads                            = 1                                         {product} {ergonomic}
     uint G1ConcRefinementThreads                  = 4                                         {product} {ergonomic}
   size_t G1HeapRegionSize                         = 2097152                                   {product} {ergonomic}
    uintx GCDrainStackTargetSize                   = 64                                        {product} {ergonomic}
   size_t InitialHeapSize                          = 264241152                                 {product} {ergonomic}
   size_t MarkStackSize                            = 4194304                                   {product} {ergonomic}
   size_t MaxHeapSize                              = 4225761280                                {product} {ergonomic}
   size_t MinHeapDeltaBytes                        = 2097152                                   {product} {ergonomic}
   size_t MinHeapSize                              = 8388608                                   {product} {ergonomic}
    uintx NonNMethodCodeHeapSize                   = 5832780                                {pd product} {ergonomic}
    uintx NonProfiledCodeHeapSize                  = 122912730                              {pd product} {ergonomic}
    uintx ProfiledCodeHeapSize                     = 122912730                              {pd product} {ergonomic}
    uintx ReservedCodeCacheSize                    = 251658240                              {pd product} {ergonomic}
     bool SegmentedCodeCache                       = true                                      {product} {ergonomic}
     bool ShowCodeDetailsInExceptionMessages       = true                                   {manageable} {command line}
   size_t SoftMaxHeapSize                          = 4225761280                             {manageable} {ergonomic}
     bool UseCompressedClassPointers               = true                           {product lp64_product} {ergonomic}
     bool UseCompressedOops                        = true                           {product lp64_product} {ergonomic}
     bool UseG1GC                                  = true                                      {product} {ergonomic}
     bool UseLargePagesIndividualAllocation        = false                                  {pd product} {ergonomic}

Logging:
Log output configuration:
 #0: stdout all=warning uptime,level,tags
 #1: stderr all=off uptime,level,tags

Environment Variables:
JAVA_HOME=C:\Program Files\Java\jdk-17.0.2
PATH=C:\Program Files (x86)\VMware\VMware Player\bin\;C:\Program Files\Common Files\Oracle\Java\javapath;C:\Program Files\Python38\Scripts\;C:\Program Files\Python38\;C:\WINDOWS\system32;C:\WINDOWS;C:\WINDOWS\System32\Wbem;C:\WINDOWS\System32\WindowsPowerShell\v1.0\;C:\WINDOWS\System32\OpenSSH\;C:\Program Files\PostgreSQL\13\bin;C:\Program Files\Memurai\;C:\Users\Abdullah\.dnx\bin;C:\Program Files\Microsoft DNX\Dnvm\;C:\Program Files\Microsoft SQL Server\130\Tools\Binn\;C:\Program Files\NVIDIA Corporation\NVIDIA NvDLISR;C:\Program Files\Microsoft SQL Server\Client SDK\ODBC\130\Tools\Binn\;C:\Program Files (x86)\Microsoft SQL Server\130\Tools\Binn\;C:\Program Files\Microsoft SQL Server\130\DTS\Binn\;C:\Program Files (x86)\Microsoft SQL Server\150\DTS\Binn\;C:\Program Files\Azure Data Studio\bin;C:\Program Files\Microsoft SQL Server\Client SDK\ODBC\170\Tools\Binn\;C:\Program Files\Graphviz\bin;C:\Program Files (x86)\nodejs\;C:\Program Files\MySQL\MySQL Server 8.0\bin;C:\Program Files\MongoDB\Server\5.0\bin;C:\Program Files\Git\cmd;C:\Users\Abdullah\AppData\Local\Programs\Python\Python310;C:\Users\Abdullah\AppData\Local\Programs\Python\Python310\lib\site-packages\pip;C:\Users\Abdullah\AppData\Local\Programs\Python\Python310\Scripts\pip.exe;C:\Program Files\MySQL\MySQL Shell 8.0\bin\;C:\Users\Abdullah\AppData\Local\Microsoft\WindowsApps;C:\Users\Abdullah\AppData\Local\Programs\Microsoft VS Code\bin;C:\M_python;C:\Program Files\Azure Data Studio\bin;C:\Users\Abdullah\AppData\Roaming\npm;C:\Users\Abdullah\AppData\Roaming\Python\Python38\site-packages\virtualenv;C:\Users\Abdullah\AppData\Local\Android\Sdk\platform-tools;C:\Users\Abdullah\AppData\Local\Programs\Python\Python310\Scripts\pip.exe;C:\Users\Abdullah\AppData\Local\Programs\Python\Python310\Scripts;
USERNAME=Abdullah
OS=Windows_NT
PROCESSOR_IDENTIFIER=Intel64 Family 6 Model 142 Stepping 9, GenuineIntel



---------------  S Y S T E M  ---------------

OS:
 Windows 10 , 64 bit Build 19041 (10.0.19041.1706)
OS uptime: 1 days 21:03 hours

CPU: total 4 (initial active 4) (2 cores per cpu, 2 threads per core) family 6 model 142 stepping 9 microcode 0xb4, cx8, cmov, fxsr, ht, mmx, 3dnowpref, sse, sse2, sse3, ssse3, sse4.1, sse4.2, popcnt, lzcnt, tsc, tscinvbit, avx, avx2, aes, erms, clmul, bmi1, bmi2, adx, fma, vzeroupper, clflush, clflushopt

Memory: 4k page, system-wide physical 16114M (6320M free)
TotalPageFile size 35845M (AvailPageFile size 54M)
current process WorkingSet (physical memory assigned to process): 10M, peak: 10M
current process commit charge ("private bytes"): 51M, peak: 303M

vm_info: Java HotSpot(TM) 64-Bit Server VM (17.0.2+8-LTS-86) for windows-amd64 JRE (17.0.2+8-LTS-86), built on Dec  7 2021 21:51:03 by "mach5one" with MS VC++ 16.8 / 16.9 (VS2019)

END.
